\BOOKMARK [0][-]{chapter.1}{\376\377\000D\000a\000t\000a\000\040\000S\000t\000r\000u\000c\000t\000u\000r\000e\000\040\000I\000n\000d\000e\000x}{}
\BOOKMARK [1][-]{section.1.1}{\376\377\000D\000a\000t\000a\000\040\000S\000t\000r\000u\000c\000t\000u\000r\000e\000s}{chapter.1}
\BOOKMARK [0][-]{chapter.2}{\376\377\000F\000i\000l\000e\000\040\000I\000n\000d\000e\000x}{}
\BOOKMARK [1][-]{section.2.1}{\376\377\000F\000i\000l\000e\000\040\000L\000i\000s\000t}{chapter.2}
\BOOKMARK [0][-]{chapter.3}{\376\377\000D\000a\000t\000a\000\040\000S\000t\000r\000u\000c\000t\000u\000r\000e\000\040\000D\000o\000c\000u\000m\000e\000n\000t\000a\000t\000i\000o\000n}{}
\BOOKMARK [1][-]{section.3.1}{\376\377\000c\000o\000n\000f\000i\000g\000\137\000s\000\040\000S\000t\000r\000u\000c\000t\000\040\000R\000e\000f\000e\000r\000e\000n\000c\000e}{chapter.3}
\BOOKMARK [2][-]{subsection.3.1.1}{\376\377\000F\000i\000e\000l\000d\000\040\000D\000o\000c\000u\000m\000e\000n\000t\000a\000t\000i\000o\000n}{section.3.1}
\BOOKMARK [3][-]{subsubsection.3.1.1.1}{\376\377\000a\000m\000o\000u\000n\000t\000\137\000o\000f\000\137\000t\000a\000s\000k\000s\000\137\000m\000r\000a}{subsection.3.1.1}
\BOOKMARK [3][-]{subsubsection.3.1.1.2}{\376\377\000g\000r\000i\000d\000\137\000a\000v\000e\000r\000a\000g\000e\000\137\000s\000p\000e\000e\000d}{subsection.3.1.1}
\BOOKMARK [3][-]{subsubsection.3.1.1.3}{\376\377\000g\000r\000i\000d\000\137\000c\000p\000u\000\137\000p\000o\000w\000e\000r}{subsection.3.1.1}
\BOOKMARK [3][-]{subsubsection.3.1.1.4}{\376\377\000i\000n\000i\000t\000i\000a\000l\000i\000z\000e\000d}{subsection.3.1.1}
\BOOKMARK [3][-]{subsubsection.3.1.1.5}{\376\377\000m\000r\000a\000\137\000c\000h\000u\000n\000k\000\137\000c\000o\000u\000n\000t}{subsection.3.1.1}
\BOOKMARK [3][-]{subsubsection.3.1.1.6}{\376\377\000m\000r\000a\000\137\000c\000h\000u\000n\000k\000\137\000r\000e\000p\000l\000i\000c\000a\000s}{subsection.3.1.1}
\BOOKMARK [3][-]{subsubsection.3.1.1.7}{\376\377\000m\000r\000a\000\137\000c\000h\000u\000n\000k\000\137\000s\000i\000z\000e}{subsection.3.1.1}
\BOOKMARK [3][-]{subsubsection.3.1.1.8}{\376\377\000m\000r\000a\000\137\000h\000e\000a\000r\000t\000b\000e\000a\000t\000\137\000i\000n\000t\000e\000r\000v\000a\000l}{subsection.3.1.1}
\BOOKMARK [3][-]{subsubsection.3.1.1.9}{\376\377\000m\000r\000a\000\137\000n\000u\000m\000b\000e\000r\000\137\000o\000f\000\137\000w\000o\000r\000k\000e\000r\000s}{subsection.3.1.1}
\BOOKMARK [3][-]{subsubsection.3.1.1.10}{\376\377\000s\000l\000o\000t\000s\000\137\000m\000r\000a}{subsection.3.1.1}
\BOOKMARK [3][-]{subsubsection.3.1.1.11}{\376\377\000w\000o\000r\000k\000e\000r\000s\000\137\000m\000r\000a}{subsection.3.1.1}
\BOOKMARK [1][-]{section.3.2}{\376\377\000j\000o\000b\000\137\000s\000\040\000S\000t\000r\000u\000c\000t\000\040\000R\000e\000f\000e\000r\000e\000n\000c\000e}{chapter.3}
\BOOKMARK [2][-]{subsection.3.2.1}{\376\377\000F\000i\000e\000l\000d\000\040\000D\000o\000c\000u\000m\000e\000n\000t\000a\000t\000i\000o\000n}{section.3.2}
\BOOKMARK [3][-]{subsubsection.3.2.1.1}{\376\377\000f\000i\000n\000i\000s\000h\000e\000d}{subsection.3.2.1}
\BOOKMARK [3][-]{subsubsection.3.2.1.2}{\376\377\000m\000a\000p\000\137\000o\000u\000t\000p\000u\000t}{subsection.3.2.1}
\BOOKMARK [3][-]{subsubsection.3.2.1.3}{\376\377\000m\000r\000a\000\137\000h\000e\000a\000r\000t\000b\000e\000a\000t\000s}{subsection.3.2.1}
\BOOKMARK [3][-]{subsubsection.3.2.1.4}{\376\377\000t\000a\000s\000k\000\137\000i\000n\000s\000t\000a\000n\000c\000e\000s}{subsection.3.2.1}
\BOOKMARK [3][-]{subsubsection.3.2.1.5}{\376\377\000t\000a\000s\000k\000\137\000l\000i\000s\000t}{subsection.3.2.1}
\BOOKMARK [3][-]{subsubsection.3.2.1.6}{\376\377\000t\000a\000s\000k\000\137\000s\000t\000a\000t\000u\000s}{subsection.3.2.1}
\BOOKMARK [3][-]{subsubsection.3.2.1.7}{\376\377\000t\000a\000s\000k\000s\000\137\000p\000e\000n\000d\000i\000n\000g}{subsection.3.2.1}
\BOOKMARK [1][-]{section.3.3}{\376\377\000m\000r\000a\000\137\000h\000e\000a\000r\000t\000b\000e\000a\000t\000\137\000s\000\040\000S\000t\000r\000u\000c\000t\000\040\000R\000e\000f\000e\000r\000e\000n\000c\000e}{chapter.3}
\BOOKMARK [2][-]{subsection.3.3.1}{\376\377\000D\000e\000t\000a\000i\000l\000e\000d\000\040\000D\000e\000s\000c\000r\000i\000p\000t\000i\000o\000n}{section.3.3}
\BOOKMARK [2][-]{subsection.3.3.2}{\376\377\000F\000i\000e\000l\000d\000\040\000D\000o\000c\000u\000m\000e\000n\000t\000a\000t\000i\000o\000n}{section.3.3}
\BOOKMARK [3][-]{subsubsection.3.3.2.1}{\376\377\000s\000l\000o\000t\000s\000\137\000a\000v}{subsection.3.3.2}
\BOOKMARK [1][-]{section.3.4}{\376\377\000s\000t\000a\000t\000s\000\137\000s\000\040\000S\000t\000r\000u\000c\000t\000\040\000R\000e\000f\000e\000r\000e\000n\000c\000e}{chapter.3}
\BOOKMARK [2][-]{subsection.3.4.1}{\376\377\000F\000i\000e\000l\000d\000\040\000D\000o\000c\000u\000m\000e\000n\000t\000a\000t\000i\000o\000n}{section.3.4}
\BOOKMARK [3][-]{subsubsection.3.4.1.1}{\376\377\000m\000a\000p\000\137\000l\000o\000c\000a\000l}{subsection.3.4.1}
\BOOKMARK [3][-]{subsubsection.3.4.1.2}{\376\377\000m\000a\000p\000\137\000s\000p\000e\000c\000\137\000l}{subsection.3.4.1}
\BOOKMARK [3][-]{subsubsection.3.4.1.3}{\376\377\000m\000a\000p\000\137\000s\000p\000e\000c\000\137\000r}{subsection.3.4.1}
\BOOKMARK [3][-]{subsubsection.3.4.1.4}{\376\377\000m\000r\000a\000\137\000m\000a\000p\000\137\000r\000e\000m\000o\000t\000e}{subsection.3.4.1}
\BOOKMARK [3][-]{subsubsection.3.4.1.5}{\376\377\000r\000e\000d\000u\000c\000e\000\137\000n\000o\000r\000m\000a\000l}{subsection.3.4.1}
\BOOKMARK [3][-]{subsubsection.3.4.1.6}{\376\377\000r\000e\000d\000u\000c\000e\000\137\000s\000p\000e\000c}{subsection.3.4.1}
\BOOKMARK [1][-]{section.3.5}{\376\377\000t\000a\000s\000k\000\137\000i\000n\000f\000o\000\137\000s\000\040\000S\000t\000r\000u\000c\000t\000\040\000R\000e\000f\000e\000r\000e\000n\000c\000e}{chapter.3}
\BOOKMARK [2][-]{subsection.3.5.1}{\376\377\000D\000e\000t\000a\000i\000l\000e\000d\000\040\000D\000e\000s\000c\000r\000i\000p\000t\000i\000o\000n}{section.3.5}
\BOOKMARK [2][-]{subsection.3.5.2}{\376\377\000F\000i\000e\000l\000d\000\040\000D\000o\000c\000u\000m\000e\000n\000t\000a\000t\000i\000o\000n}{section.3.5}
\BOOKMARK [3][-]{subsubsection.3.5.2.1}{\376\377\000i\000d}{subsection.3.5.2}
\BOOKMARK [3][-]{subsubsection.3.5.2.2}{\376\377\000m\000a\000p\000\137\000o\000u\000t\000p\000u\000t\000\137\000c\000o\000p\000i\000e\000d}{subsection.3.5.2}
\BOOKMARK [3][-]{subsubsection.3.5.2.3}{\376\377\000p\000h\000a\000s\000e}{subsection.3.5.2}
\BOOKMARK [3][-]{subsubsection.3.5.2.4}{\376\377\000p\000i\000d}{subsection.3.5.2}
\BOOKMARK [3][-]{subsubsection.3.5.2.5}{\376\377\000s\000h\000u\000f\000f\000l\000e\000\137\000m\000r\000a\000\137\000e\000n\000d}{subsection.3.5.2}
\BOOKMARK [3][-]{subsubsection.3.5.2.6}{\376\377\000s\000r\000c}{subsection.3.5.2}
\BOOKMARK [3][-]{subsubsection.3.5.2.7}{\376\377\000t\000a\000s\000k}{subsection.3.5.2}
\BOOKMARK [3][-]{subsubsection.3.5.2.8}{\376\377\000w\000i\000d}{subsection.3.5.2}
\BOOKMARK [1][-]{section.3.6}{\376\377\000u\000s\000e\000r\000\137\000s\000\040\000S\000t\000r\000u\000c\000t\000\040\000R\000e\000f\000e\000r\000e\000n\000c\000e}{chapter.3}
\BOOKMARK [2][-]{subsection.3.6.1}{\376\377\000F\000i\000e\000l\000d\000\040\000D\000o\000c\000u\000m\000e\000n\000t\000a\000t\000i\000o\000n}{section.3.6}
\BOOKMARK [3][-]{subsubsection.3.6.1.1}{\376\377\000m\000a\000p\000\137\000m\000r\000a\000\137\000o\000u\000t\000p\000u\000t\000\137\000f}{subsection.3.6.1}
\BOOKMARK [3][-]{subsubsection.3.6.1.2}{\376\377\000m\000r\000a\000\137\000d\000f\000s\000\137\000f}{subsection.3.6.1}
\BOOKMARK [3][-]{subsubsection.3.6.1.3}{\376\377\000t\000a\000s\000k\000\137\000m\000r\000a\000\137\000c\000o\000s\000t\000\137\000f}{subsection.3.6.1}
\BOOKMARK [1][-]{section.3.7}{\376\377\000w\000\137\000i\000n\000f\000o\000\137\000s\000\040\000S\000t\000r\000u\000c\000t\000\040\000R\000e\000f\000e\000r\000e\000n\000c\000e}{chapter.3}
\BOOKMARK [2][-]{subsection.3.7.1}{\376\377\000F\000i\000e\000l\000d\000\040\000D\000o\000c\000u\000m\000e\000n\000t\000a\000t\000i\000o\000n}{section.3.7}
\BOOKMARK [3][-]{subsubsection.3.7.1.1}{\376\377\000w\000i\000d}{subsection.3.7.1}
\BOOKMARK [0][-]{chapter.4}{\376\377\000F\000i\000l\000e\000\040\000D\000o\000c\000u\000m\000e\000n\000t\000a\000t\000i\000o\000n}{}
\BOOKMARK [1][-]{section.4.1}{\376\377\000e\000x\000a\000m\000p\000l\000e\000s\000/\000h\000e\000l\000l\000o\000.\000c\000\040\000F\000i\000l\000e\000\040\000R\000e\000f\000e\000r\000e\000n\000c\000e}{chapter.4}
\BOOKMARK [2][-]{subsection.4.1.1}{\376\377\000F\000u\000n\000c\000t\000i\000o\000n\000\040\000D\000o\000c\000u\000m\000e\000n\000t\000a\000t\000i\000o\000n}{section.4.1}
\BOOKMARK [3][-]{subsubsection.4.1.1.1}{\376\377\000m\000a\000i\000n}{subsection.4.1.1}
\BOOKMARK [3][-]{subsubsection.4.1.1.2}{\376\377\000m\000r\000a\000\137\000m\000a\000p\000\137\000m\000r\000a\000\137\000o\000u\000t\000p\000u\000t\000\137\000f\000u\000n\000c\000t\000i\000o\000n}{subsection.4.1.1}
\BOOKMARK [3][-]{subsubsection.4.1.1.3}{\376\377\000m\000r\000a\000\137\000t\000a\000s\000k\000\137\000m\000r\000a\000\137\000c\000o\000s\000t\000\137\000f\000u\000n\000c\000t\000i\000o\000n}{subsection.4.1.1}
\BOOKMARK [3][-]{subsubsection.4.1.1.4}{\376\377\000r\000e\000a\000d\000\137\000m\000r\000a\000\137\000c\000o\000n\000f\000i\000g\000\137\000f\000i\000l\000e}{subsection.4.1.1}
\BOOKMARK [1][-]{section.4.2}{\376\377\000i\000n\000c\000l\000u\000d\000e\000/\000c\000o\000m\000m\000o\000n\000-\000m\000r\000a\000.\000h\000\040\000F\000i\000l\000e\000\040\000R\000e\000f\000e\000r\000e\000n\000c\000e}{chapter.4}
\BOOKMARK [2][-]{subsection.4.2.1}{\376\377\000D\000e\000f\000i\000n\000e\000\040\000D\000o\000c\000u\000m\000e\000n\000t\000a\000t\000i\000o\000n}{section.4.2}
\BOOKMARK [3][-]{subsubsection.4.2.1.1}{\376\377\000D\000A\000T\000A\000N\000O\000D\000E\000\137\000M\000R\000A\000\137\000M\000A\000I\000L\000B\000O\000X}{subsection.4.2.1}
\BOOKMARK [3][-]{subsubsection.4.2.1.2}{\376\377\000M\000A\000I\000L\000B\000O\000X\000\137\000A\000L\000I\000A\000S\000\137\000S\000I\000Z\000E}{subsection.4.2.1}
\BOOKMARK [3][-]{subsubsection.4.2.1.3}{\376\377\000M\000A\000S\000T\000E\000R\000\137\000M\000R\000A\000\137\000M\000A\000I\000L\000B\000O\000X}{subsection.4.2.1}
\BOOKMARK [3][-]{subsubsection.4.2.1.4}{\376\377\000M\000A\000X\000\137\000S\000P\000E\000C\000U\000L\000A\000T\000I\000V\000E\000\137\000C\000O\000P\000I\000E\000S}{subsection.4.2.1}
\BOOKMARK [3][-]{subsubsection.4.2.1.5}{\376\377\000M\000R\000A\000\137\000H\000E\000A\000R\000T\000B\000E\000A\000T\000\137\000M\000I\000N\000\137\000I\000N\000T\000E\000R\000V\000A\000L}{subsection.4.2.1}
\BOOKMARK [3][-]{subsubsection.4.2.1.6}{\376\377\000M\000R\000A\000\137\000H\000E\000A\000R\000T\000B\000E\000A\000T\000\137\000T\000I\000M\000E\000O\000U\000T}{subsection.4.2.1}
\BOOKMARK [3][-]{subsubsection.4.2.1.7}{\376\377\000N\000O\000N\000E}{subsection.4.2.1}
\BOOKMARK [3][-]{subsubsection.4.2.1.8}{\376\377\000S\000M\000S\000\137\000F\000I\000N\000I\000S\000H}{subsection.4.2.1}
\BOOKMARK [3][-]{subsubsection.4.2.1.9}{\376\377\000S\000M\000S\000\137\000G\000E\000T\000\137\000I\000N\000T\000E\000R\000\137\000P\000A\000I\000R\000S}{subsection.4.2.1}
\BOOKMARK [3][-]{subsubsection.4.2.1.10}{\376\377\000S\000M\000S\000\137\000G\000E\000T\000\137\000M\000R\000A\000\137\000C\000H\000U\000N\000K}{subsection.4.2.1}
\BOOKMARK [3][-]{subsubsection.4.2.1.11}{\376\377\000S\000M\000S\000\137\000M\000R\000A\000\137\000H\000E\000A\000R\000T\000B\000E\000A\000T}{subsection.4.2.1}
\BOOKMARK [3][-]{subsubsection.4.2.1.12}{\376\377\000S\000M\000S\000\137\000T\000A\000S\000K}{subsection.4.2.1}
\BOOKMARK [3][-]{subsubsection.4.2.1.13}{\376\377\000S\000M\000S\000\137\000T\000A\000S\000K\000\137\000D\000O\000N\000E}{subsection.4.2.1}
\BOOKMARK [3][-]{subsubsection.4.2.1.14}{\376\377\000T\000A\000S\000K\000\137\000M\000R\000A\000\137\000M\000A\000I\000L\000B\000O\000X}{subsection.4.2.1}
\BOOKMARK [3][-]{subsubsection.4.2.1.15}{\376\377\000T\000A\000S\000K\000T\000R\000A\000C\000K\000E\000R\000\137\000M\000R\000A\000\137\000M\000A\000I\000L\000B\000O\000X}{subsection.4.2.1}
\BOOKMARK [2][-]{subsection.4.2.2}{\376\377\000T\000y\000p\000e\000d\000e\000f\000\040\000D\000o\000c\000u\000m\000e\000n\000t\000a\000t\000i\000o\000n}{section.4.2}
\BOOKMARK [3][-]{subsubsection.4.2.2.1}{\376\377\000m\000r\000a\000\137\000h\000e\000a\000r\000t\000b\000e\000a\000t\000\137\000t}{subsection.4.2.2}
\BOOKMARK [3][-]{subsubsection.4.2.2.2}{\376\377\000m\000r\000a\000\137\000t\000a\000s\000k\000\137\000i\000n\000f\000o\000\137\000t}{subsection.4.2.2}
\BOOKMARK [2][-]{subsection.4.2.3}{\376\377\000E\000n\000u\000m\000e\000r\000a\000t\000i\000o\000n\000\040\000T\000y\000p\000e\000\040\000D\000o\000c\000u\000m\000e\000n\000t\000a\000t\000i\000o\000n}{section.4.2}
\BOOKMARK [3][-]{subsubsection.4.2.3.1}{\376\377\000t\000a\000s\000k\000\137\000s\000t\000a\000t\000u\000s\000\137\000e}{subsection.4.2.3}
\BOOKMARK [2][-]{subsection.4.2.4}{\376\377\000F\000u\000n\000c\000t\000i\000o\000n\000\040\000D\000o\000c\000u\000m\000e\000n\000t\000a\000t\000i\000o\000n}{section.4.2}
\BOOKMARK [3][-]{subsubsection.4.2.4.1}{\376\377\000m\000a\000p\000\137\000m\000r\000a\000\137\000o\000u\000t\000p\000u\000t\000\137\000s\000i\000z\000e}{subsection.4.2.4}
\BOOKMARK [3][-]{subsubsection.4.2.4.2}{\376\377\000m\000a\000x\000v\000a\000l}{subsection.4.2.4}
\BOOKMARK [3][-]{subsubsection.4.2.4.3}{\376\377\000m\000e\000s\000s\000a\000g\000e\000\137\000i\000s}{subsection.4.2.4}
\BOOKMARK [3][-]{subsubsection.4.2.4.4}{\376\377\000r\000e\000c\000e\000i\000v\000e}{subsection.4.2.4}
\BOOKMARK [3][-]{subsubsection.4.2.4.5}{\376\377\000r\000e\000d\000u\000c\000e\000\137\000m\000r\000a\000\137\000i\000n\000p\000u\000t\000\137\000s\000i\000z\000e}{subsection.4.2.4}
\BOOKMARK [3][-]{subsubsection.4.2.4.6}{\376\377\000s\000e\000n\000d}{subsection.4.2.4}
\BOOKMARK [3][-]{subsubsection.4.2.4.7}{\376\377\000s\000e\000n\000d\000\137\000m\000r\000a\000\137\000s\000m\000s}{subsection.4.2.4}
\BOOKMARK [2][-]{subsection.4.2.5}{\376\377\000V\000a\000r\000i\000a\000b\000l\000e\000\040\000D\000o\000c\000u\000m\000e\000n\000t\000a\000t\000i\000o\000n}{section.4.2}
\BOOKMARK [3][-]{subsubsection.4.2.5.1}{\376\377\000a\000v\000g\000\137\000t\000a\000s\000k\000\137\000e\000x\000e\000c\000\137\000m\000a\000p}{subsection.4.2.5}
\BOOKMARK [3][-]{subsubsection.4.2.5.2}{\376\377\000a\000v\000g\000\137\000t\000a\000s\000k\000\137\000e\000x\000e\000c\000\137\000r\000e\000d\000u\000c\000e}{subsection.4.2.5}
\BOOKMARK [3][-]{subsubsection.4.2.5.3}{\376\377\000c\000o\000n\000f\000i\000g\000\137\000m\000r\000a}{subsection.4.2.5}
\BOOKMARK [3][-]{subsubsection.4.2.5.4}{\376\377\000d\000i\000s\000t\000\137\000b\000r\000u\000t\000a}{subsection.4.2.5}
\BOOKMARK [3][-]{subsubsection.4.2.5.5}{\376\377\000F\000g}{subsection.4.2.5}
\BOOKMARK [3][-]{subsubsection.4.2.5.6}{\376\377\000j\000o\000b\000\137\000m\000r\000a}{subsection.4.2.5}
\BOOKMARK [3][-]{subsubsection.4.2.5.7}{\376\377\000m\000r\000a\000\137\000p\000e\000r\000c}{subsection.4.2.5}
\BOOKMARK [3][-]{subsubsection.4.2.5.8}{\376\377\000s\000t\000a\000t\000s\000\137\000m\000r\000a}{subsection.4.2.5}
\BOOKMARK [3][-]{subsubsection.4.2.5.9}{\376\377\000t\000a\000s\000k\000\137\000e\000x\000e\000c}{subsection.4.2.5}
\BOOKMARK [3][-]{subsubsection.4.2.5.10}{\376\377\000u\000s\000e\000r\000\137\000m\000r\000a}{subsection.4.2.5}
\BOOKMARK [1][-]{section.4.3}{\376\377\000i\000n\000c\000l\000u\000d\000e\000/\000d\000f\000s\000-\000m\000r\000a\000.\000h\000\040\000F\000i\000l\000e\000\040\000R\000e\000f\000e\000r\000e\000n\000c\000e}{chapter.4}
\BOOKMARK [2][-]{subsection.4.3.1}{\376\377\000F\000u\000n\000c\000t\000i\000o\000n\000\040\000D\000o\000c\000u\000m\000e\000n\000t\000a\000t\000i\000o\000n}{section.4.3}
\BOOKMARK [3][-]{subsubsection.4.3.1.1}{\376\377\000d\000a\000t\000a\000\137\000n\000o\000d\000e\000\137\000m\000r\000a}{subsection.4.3.1}
\BOOKMARK [3][-]{subsubsection.4.3.1.2}{\376\377\000d\000e\000f\000a\000u\000l\000t\000\137\000m\000r\000a\000\137\000d\000f\000s\000\137\000f}{subsection.4.3.1}
\BOOKMARK [3][-]{subsubsection.4.3.1.3}{\376\377\000d\000i\000s\000t\000r\000i\000b\000u\000t\000e\000\137\000d\000a\000t\000a\000\137\000m\000r\000a}{subsection.4.3.1}
\BOOKMARK [3][-]{subsubsection.4.3.1.4}{\376\377\000f\000i\000n\000d\000\137\000r\000a\000n\000d\000o\000m\000\137\000m\000r\000a\000\137\000c\000h\000u\000n\000k\000\137\000o\000w\000n\000e\000r}{subsection.4.3.1}
\BOOKMARK [2][-]{subsection.4.3.2}{\376\377\000V\000a\000r\000i\000a\000b\000l\000e\000\040\000D\000o\000c\000u\000m\000e\000n\000t\000a\000t\000i\000o\000n}{section.4.3}
\BOOKMARK [3][-]{subsubsection.4.3.2.1}{\376\377\000c\000h\000u\000n\000k\000\137\000o\000w\000n\000e\000r\000\137\000m\000r\000a}{subsection.4.3.2}
\BOOKMARK [1][-]{section.4.4}{\376\377\000i\000n\000c\000l\000u\000d\000e\000/\000m\000r\000a\000.\000h\000\040\000F\000i\000l\000e\000\040\000R\000e\000f\000e\000r\000e\000n\000c\000e}{chapter.4}
\BOOKMARK [2][-]{subsection.4.4.1}{\376\377\000E\000n\000u\000m\000e\000r\000a\000t\000i\000o\000n\000\040\000T\000y\000p\000e\000\040\000D\000o\000c\000u\000m\000e\000n\000t\000a\000t\000i\000o\000n}{section.4.4}
\BOOKMARK [3][-]{subsubsection.4.4.1.1}{\376\377\000p\000h\000a\000s\000e\000\137\000e}{subsection.4.4.1}
\BOOKMARK [2][-]{subsection.4.4.2}{\376\377\000F\000u\000n\000c\000t\000i\000o\000n\000\040\000D\000o\000c\000u\000m\000e\000n\000t\000a\000t\000i\000o\000n}{section.4.4}
\BOOKMARK [3][-]{subsubsection.4.4.2.1}{\376\377\000M\000R\000A\000\137\000i\000n\000i\000t}{subsection.4.4.2}
\BOOKMARK [3][-]{subsubsection.4.4.2.2}{\376\377\000M\000R\000A\000\137\000m\000a\000i\000n}{subsection.4.4.2}
\BOOKMARK [3][-]{subsubsection.4.4.2.3}{\376\377\000M\000R\000A\000\137\000s\000e\000t\000\137\000d\000f\000s\000\137\000f}{subsection.4.4.2}
\BOOKMARK [3][-]{subsubsection.4.4.2.4}{\376\377\000M\000R\000A\000\137\000s\000e\000t\000\137\000m\000a\000p\000\137\000m\000r\000a\000\137\000o\000u\000t\000p\000u\000t\000\137\000f}{subsection.4.4.2}
\BOOKMARK [3][-]{subsubsection.4.4.2.5}{\376\377\000M\000R\000A\000\137\000s\000e\000t\000\137\000t\000a\000s\000k\000\137\000m\000r\000a\000\137\000c\000o\000s\000t\000\137\000f}{subsection.4.4.2}
\BOOKMARK [1][-]{section.4.5}{\376\377\000i\000n\000c\000l\000u\000d\000e\000/\000w\000o\000r\000k\000e\000r\000-\000m\000r\000a\000.\000h\000\040\000F\000i\000l\000e\000\040\000R\000e\000f\000e\000r\000e\000n\000c\000e}{chapter.4}
\BOOKMARK [2][-]{subsection.4.5.1}{\376\377\000D\000e\000f\000i\000n\000e\000\040\000D\000o\000c\000u\000m\000e\000n\000t\000a\000t\000i\000o\000n}{section.4.5}
\BOOKMARK [3][-]{subsubsection.4.5.1.1}{\376\377\000M\000A\000X\000I\000M\000U\000M\000\137\000W\000O\000R\000K\000E\000R\000\137\000F\000A\000I\000L\000U\000R\000E\000S}{subsection.4.5.1}
\BOOKMARK [2][-]{subsection.4.5.2}{\376\377\000T\000y\000p\000e\000d\000e\000f\000\040\000D\000o\000c\000u\000m\000e\000n\000t\000a\000t\000i\000o\000n}{section.4.5}
\BOOKMARK [3][-]{subsubsection.4.5.2.1}{\376\377\000w\000\137\000m\000r\000a\000\137\000i\000n\000f\000o\000\137\000t}{subsection.4.5.2}
\BOOKMARK [2][-]{subsection.4.5.3}{\376\377\000F\000u\000n\000c\000t\000i\000o\000n\000\040\000D\000o\000c\000u\000m\000e\000n\000t\000a\000t\000i\000o\000n}{section.4.5}
\BOOKMARK [3][-]{subsubsection.4.5.3.1}{\376\377\000g\000e\000t\000\137\000m\000r\000a\000\137\000w\000o\000r\000k\000e\000r\000\137\000i\000d}{subsection.4.5.3}
\BOOKMARK [1][-]{section.4.6}{\376\377\000s\000r\000c\000/\000c\000o\000m\000m\000o\000n\000-\000m\000r\000a\000.\000c\000\040\000F\000i\000l\000e\000\040\000R\000e\000f\000e\000r\000e\000n\000c\000e}{chapter.4}
\BOOKMARK [2][-]{subsection.4.6.1}{\376\377\000F\000u\000n\000c\000t\000i\000o\000n\000\040\000D\000o\000c\000u\000m\000e\000n\000t\000a\000t\000i\000o\000n}{section.4.6}
\BOOKMARK [3][-]{subsubsection.4.6.1.1}{\376\377\000m\000a\000p\000\137\000m\000r\000a\000\137\000o\000u\000t\000p\000u\000t\000\137\000s\000i\000z\000e}{subsection.4.6.1}
\BOOKMARK [3][-]{subsubsection.4.6.1.2}{\376\377\000m\000a\000x\000v\000a\000l}{subsection.4.6.1}
\BOOKMARK [3][-]{subsubsection.4.6.1.3}{\376\377\000m\000e\000s\000s\000a\000g\000e\000\137\000i\000s}{subsection.4.6.1}
\BOOKMARK [3][-]{subsubsection.4.6.1.4}{\376\377\000r\000e\000c\000e\000i\000v\000e}{subsection.4.6.1}
\BOOKMARK [3][-]{subsubsection.4.6.1.5}{\376\377\000r\000e\000d\000u\000c\000e\000\137\000m\000r\000a\000\137\000i\000n\000p\000u\000t\000\137\000s\000i\000z\000e}{subsection.4.6.1}
\BOOKMARK [3][-]{subsubsection.4.6.1.6}{\376\377\000s\000e\000n\000d}{subsection.4.6.1}
\BOOKMARK [3][-]{subsubsection.4.6.1.7}{\376\377\000s\000e\000n\000d\000\137\000m\000r\000a\000\137\000s\000m\000s}{subsection.4.6.1}
\BOOKMARK [3][-]{subsubsection.4.6.1.8}{\376\377\000X\000B\000T\000\137\000L\000O\000G\000\137\000E\000X\000T\000E\000R\000N\000A\000L\000\137\000D\000E\000F\000A\000U\000L\000T\000\137\000C\000A\000T\000E\000G\000O\000R\000Y}{subsection.4.6.1}
\BOOKMARK [1][-]{section.4.7}{\376\377\000s\000r\000c\000/\000d\000f\000s\000-\000m\000r\000a\000.\000c\000\040\000F\000i\000l\000e\000\040\000R\000e\000f\000e\000r\000e\000n\000c\000e}{chapter.4}
\BOOKMARK [2][-]{subsection.4.7.1}{\376\377\000F\000u\000n\000c\000t\000i\000o\000n\000\040\000D\000o\000c\000u\000m\000e\000n\000t\000a\000t\000i\000o\000n}{section.4.7}
\BOOKMARK [3][-]{subsubsection.4.7.1.1}{\376\377\000d\000a\000t\000a\000\137\000n\000o\000d\000e\000\137\000m\000r\000a}{subsection.4.7.1}
\BOOKMARK [3][-]{subsubsection.4.7.1.2}{\376\377\000d\000e\000f\000a\000u\000l\000t\000\137\000m\000r\000a\000\137\000d\000f\000s\000\137\000f}{subsection.4.7.1}
\BOOKMARK [3][-]{subsubsection.4.7.1.3}{\376\377\000d\000i\000s\000t\000r\000i\000b\000u\000t\000e\000\137\000d\000a\000t\000a\000\137\000m\000r\000a}{subsection.4.7.1}
\BOOKMARK [3][-]{subsubsection.4.7.1.4}{\376\377\000f\000i\000n\000d\000\137\000r\000a\000n\000d\000o\000m\000\137\000m\000r\000a\000\137\000c\000h\000u\000n\000k\000\137\000o\000w\000n\000e\000r}{subsection.4.7.1}
\BOOKMARK [3][-]{subsubsection.4.7.1.5}{\376\377\000s\000e\000n\000d\000\137\000m\000r\000a\000\137\000d\000a\000t\000a}{subsection.4.7.1}
\BOOKMARK [3][-]{subsubsection.4.7.1.6}{\376\377\000X\000B\000T\000\137\000L\000O\000G\000\137\000E\000X\000T\000E\000R\000N\000A\000L\000\137\000D\000E\000F\000A\000U\000L\000T\000\137\000C\000A\000T\000E\000G\000O\000R\000Y}{subsection.4.7.1}
\BOOKMARK [1][-]{section.4.8}{\376\377\000s\000r\000c\000/\000m\000a\000s\000t\000e\000r\000-\000m\000r\000a\000.\000c\000\040\000F\000i\000l\000e\000\040\000R\000e\000f\000e\000r\000e\000n\000c\000e}{chapter.4}
\BOOKMARK [2][-]{subsection.4.8.1}{\376\377\000F\000u\000n\000c\000t\000i\000o\000n\000\040\000D\000o\000c\000u\000m\000e\000n\000t\000a\000t\000i\000o\000n}{section.4.8}
\BOOKMARK [3][-]{subsubsection.4.8.1.1}{\376\377\000f\000i\000n\000i\000s\000h\000\137\000a\000l\000l\000\137\000m\000r\000a\000\137\000t\000a\000s\000k\000\137\000c\000o\000p\000i\000e\000s}{subsection.4.8.1}
\BOOKMARK [3][-]{subsubsection.4.8.1.2}{\376\377\000i\000s\000\137\000s\000t\000r\000a\000g\000g\000l\000e\000r\000\137\000m\000r\000a}{subsection.4.8.1}
\BOOKMARK [3][-]{subsubsection.4.8.1.3}{\376\377\000m\000a\000s\000t\000e\000r\000\137\000m\000r\000a}{subsection.4.8.1}
\BOOKMARK [3][-]{subsubsection.4.8.1.4}{\376\377\000p\000r\000i\000n\000t\000\137\000m\000r\000a\000\137\000c\000o\000n\000f\000i\000g}{subsection.4.8.1}
\BOOKMARK [3][-]{subsubsection.4.8.1.5}{\376\377\000p\000r\000i\000n\000t\000\137\000m\000r\000a\000\137\000s\000t\000a\000t\000s}{subsection.4.8.1}
\BOOKMARK [3][-]{subsubsection.4.8.1.6}{\376\377\000s\000e\000n\000d\000\137\000m\000a\000p\000\137\000t\000o\000\137\000m\000r\000a\000\137\000w\000o\000r\000k\000e\000r}{subsection.4.8.1}
\BOOKMARK [3][-]{subsubsection.4.8.1.7}{\376\377\000s\000e\000n\000d\000\137\000m\000r\000a\000\137\000t\000a\000s\000k}{subsection.4.8.1}
\BOOKMARK [3][-]{subsubsection.4.8.1.8}{\376\377\000s\000e\000n\000d\000\137\000r\000e\000d\000u\000c\000e\000\137\000t\000o\000\137\000m\000r\000a\000\137\000w\000o\000r\000k\000e\000r}{subsection.4.8.1}
\BOOKMARK [3][-]{subsubsection.4.8.1.9}{\376\377\000s\000e\000t\000\137\000m\000r\000a\000\137\000s\000p\000e\000c\000u\000l\000a\000t\000i\000v\000e\000\137\000t\000a\000s\000k\000s}{subsection.4.8.1}
\BOOKMARK [3][-]{subsubsection.4.8.1.10}{\376\377\000t\000a\000s\000k\000\137\000t\000i\000m\000e\000\137\000e\000l\000a\000p\000s\000e\000d\000\137\000m\000r\000a}{subsection.4.8.1}
\BOOKMARK [3][-]{subsubsection.4.8.1.11}{\376\377\000X\000B\000T\000\137\000L\000O\000G\000\137\000E\000X\000T\000E\000R\000N\000A\000L\000\137\000D\000E\000F\000A\000U\000L\000T\000\137\000C\000A\000T\000E\000G\000O\000R\000Y}{subsection.4.8.1}
\BOOKMARK [2][-]{subsection.4.8.2}{\376\377\000V\000a\000r\000i\000a\000b\000l\000e\000\040\000D\000o\000c\000u\000m\000e\000n\000t\000a\000t\000i\000o\000n}{section.4.8}
\BOOKMARK [3][-]{subsubsection.4.8.2.1}{\376\377\000t\000a\000s\000k\000s\000\137\000l\000o\000g}{subsection.4.8.2}
\BOOKMARK [1][-]{section.4.9}{\376\377\000s\000r\000c\000/\000s\000i\000m\000c\000o\000r\000e\000-\000m\000r\000a\000.\000c\000\040\000F\000i\000l\000e\000\040\000R\000e\000f\000e\000r\000e\000n\000c\000e}{chapter.4}
\BOOKMARK [2][-]{subsection.4.9.1}{\376\377\000D\000e\000f\000i\000n\000e\000\040\000D\000o\000c\000u\000m\000e\000n\000t\000a\000t\000i\000o\000n}{section.4.9}
\BOOKMARK [3][-]{subsubsection.4.9.1.1}{\376\377\000M\000A\000X\000\137\000L\000I\000N\000E\000\137\000S\000I\000Z\000E}{subsection.4.9.1}
\BOOKMARK [2][-]{subsection.4.9.2}{\376\377\000F\000u\000n\000c\000t\000i\000o\000n\000\040\000D\000o\000c\000u\000m\000e\000n\000t\000a\000t\000i\000o\000n}{section.4.9}
\BOOKMARK [3][-]{subsubsection.4.9.2.1}{\376\377\000c\000h\000e\000c\000k\000\137\000c\000o\000n\000f\000i\000g\000\137\000m\000r\000a}{subsection.4.9.2}
\BOOKMARK [3][-]{subsubsection.4.9.2.2}{\376\377\000f\000r\000e\000e\000\137\000m\000r\000a\000\137\000g\000l\000o\000b\000a\000l\000\137\000m\000e\000m}{subsection.4.9.2}
\BOOKMARK [3][-]{subsubsection.4.9.2.3}{\376\377\000i\000n\000i\000t\000\137\000j\000o\000b\000\137\000m\000r\000a}{subsection.4.9.2}
\BOOKMARK [3][-]{subsubsection.4.9.2.4}{\376\377\000i\000n\000i\000t\000\137\000m\000r\000\137\000m\000r\000a\000\137\000c\000o\000n\000f\000i\000g}{subsection.4.9.2}
\BOOKMARK [3][-]{subsubsection.4.9.2.5}{\376\377\000i\000n\000i\000t\000\137\000m\000r\000a\000\137\000c\000o\000n\000f\000i\000g}{subsection.4.9.2}
\BOOKMARK [3][-]{subsubsection.4.9.2.6}{\376\377\000i\000n\000i\000t\000\137\000m\000r\000a\000\137\000s\000t\000a\000t\000s}{subsection.4.9.2}
\BOOKMARK [3][-]{subsubsection.4.9.2.7}{\376\377\000m\000a\000s\000t\000e\000r\000\137\000m\000r\000a}{subsection.4.9.2}
\BOOKMARK [3][-]{subsubsection.4.9.2.8}{\376\377\000M\000R\000A\000\137\000m\000a\000i\000n}{subsection.4.9.2}
\BOOKMARK [3][-]{subsubsection.4.9.2.9}{\376\377\000r\000e\000a\000d\000\137\000m\000r\000a\000\137\000c\000o\000n\000f\000i\000g\000\137\000f\000i\000l\000e}{subsection.4.9.2}
\BOOKMARK [3][-]{subsubsection.4.9.2.10}{\376\377\000r\000u\000n\000\137\000m\000r\000a\000\137\000s\000i\000m\000u\000l\000a\000t\000i\000o\000n}{subsection.4.9.2}
\BOOKMARK [3][-]{subsubsection.4.9.2.11}{\376\377\000w\000o\000r\000k\000e\000r\000\137\000m\000r\000a}{subsection.4.9.2}
\BOOKMARK [3][-]{subsubsection.4.9.2.12}{\376\377\000X\000B\000T\000\137\000L\000O\000G\000\137\000N\000E\000W\000\137\000D\000E\000F\000A\000U\000L\000T\000\137\000C\000A\000T\000E\000G\000O\000R\000Y}{subsection.4.9.2}
\BOOKMARK [1][-]{section.4.10}{\376\377\000s\000r\000c\000/\000u\000s\000e\000r\000-\000m\000r\000a\000.\000c\000\040\000F\000i\000l\000e\000\040\000R\000e\000f\000e\000r\000e\000n\000c\000e}{chapter.4}
\BOOKMARK [2][-]{subsection.4.10.1}{\376\377\000F\000u\000n\000c\000t\000i\000o\000n\000\040\000D\000o\000c\000u\000m\000e\000n\000t\000a\000t\000i\000o\000n}{section.4.10}
\BOOKMARK [3][-]{subsubsection.4.10.1.1}{\376\377\000M\000R\000A\000\137\000i\000n\000i\000t}{subsection.4.10.1}
\BOOKMARK [3][-]{subsubsection.4.10.1.2}{\376\377\000M\000R\000A\000\137\000s\000e\000t\000\137\000d\000f\000s\000\137\000f}{subsection.4.10.1}
\BOOKMARK [3][-]{subsubsection.4.10.1.3}{\376\377\000M\000R\000A\000\137\000s\000e\000t\000\137\000m\000a\000p\000\137\000m\000r\000a\000\137\000o\000u\000t\000p\000u\000t\000\137\000f}{subsection.4.10.1}
\BOOKMARK [3][-]{subsubsection.4.10.1.4}{\376\377\000M\000R\000A\000\137\000s\000e\000t\000\137\000t\000a\000s\000k\000\137\000m\000r\000a\000\137\000c\000o\000s\000t\000\137\000f}{subsection.4.10.1}
\BOOKMARK [1][-]{section.4.11}{\376\377\000s\000r\000c\000/\000u\000s\000e\000r\000.\000c\000\040\000F\000i\000l\000e\000\040\000R\000e\000f\000e\000r\000e\000n\000c\000e}{chapter.4}
\BOOKMARK [2][-]{subsection.4.11.1}{\376\377\000F\000u\000n\000c\000t\000i\000o\000n\000\040\000D\000o\000c\000u\000m\000e\000n\000t\000a\000t\000i\000o\000n}{section.4.11}
\BOOKMARK [3][-]{subsubsection.4.11.1.1}{\376\377\000M\000R\000A\000\137\000i\000n\000i\000t}{subsection.4.11.1}
\BOOKMARK [3][-]{subsubsection.4.11.1.2}{\376\377\000M\000R\000A\000\137\000s\000e\000t\000\137\000d\000f\000s\000\137\000f}{subsection.4.11.1}
\BOOKMARK [3][-]{subsubsection.4.11.1.3}{\376\377\000M\000R\000A\000\137\000s\000e\000t\000\137\000m\000a\000p\000\137\000m\000r\000a\000\137\000o\000u\000t\000p\000u\000t\000\137\000f}{subsection.4.11.1}
\BOOKMARK [3][-]{subsubsection.4.11.1.4}{\376\377\000M\000R\000A\000\137\000s\000e\000t\000\137\000t\000a\000s\000k\000\137\000m\000r\000a\000\137\000c\000o\000s\000t\000\137\000f}{subsection.4.11.1}
\BOOKMARK [1][-]{section.4.12}{\376\377\000s\000r\000c\000/\000w\000o\000r\000k\000e\000r\000-\000m\000r\000a\000.\000c\000\040\000F\000i\000l\000e\000\040\000R\000e\000f\000e\000r\000e\000n\000c\000e}{chapter.4}
\BOOKMARK [2][-]{subsection.4.12.1}{\376\377\000F\000u\000n\000c\000t\000i\000o\000n\000\040\000D\000o\000c\000u\000m\000e\000n\000t\000a\000t\000i\000o\000n}{section.4.12}
\BOOKMARK [3][-]{subsubsection.4.12.1.1}{\376\377\000c\000o\000m\000p\000u\000t\000e\000\137\000m\000r\000a}{subsection.4.12.1}
\BOOKMARK [3][-]{subsubsection.4.12.1.2}{\376\377\000g\000e\000t\000\137\000m\000r\000a\000\137\000c\000h\000u\000n\000k}{subsection.4.12.1}
\BOOKMARK [3][-]{subsubsection.4.12.1.3}{\376\377\000g\000e\000t\000\137\000m\000r\000a\000\137\000m\000a\000p\000\137\000o\000u\000t\000p\000u\000t}{subsection.4.12.1}
\BOOKMARK [3][-]{subsubsection.4.12.1.4}{\376\377\000g\000e\000t\000\137\000m\000r\000a\000\137\000w\000o\000r\000k\000e\000r\000\137\000i\000d}{subsection.4.12.1}
\BOOKMARK [3][-]{subsubsection.4.12.1.5}{\376\377\000l\000i\000s\000t\000e\000n\000\137\000m\000r\000a}{subsection.4.12.1}
\BOOKMARK [3][-]{subsubsection.4.12.1.6}{\376\377\000m\000r\000a\000\137\000h\000e\000a\000r\000t\000b\000e\000a\000t}{subsection.4.12.1}
\BOOKMARK [3][-]{subsubsection.4.12.1.7}{\376\377\000u\000p\000d\000a\000t\000e\000\137\000m\000r\000a\000\137\000m\000a\000p\000\137\000o\000u\000t\000p\000u\000t}{subsection.4.12.1}
\BOOKMARK [3][-]{subsubsection.4.12.1.8}{\376\377\000w\000o\000r\000k\000e\000r\000\137\000m\000r\000a}{subsection.4.12.1}
\BOOKMARK [3][-]{subsubsection.4.12.1.9}{\376\377\000X\000B\000T\000\137\000L\000O\000G\000\137\000E\000X\000T\000E\000R\000N\000A\000L\000\137\000D\000E\000F\000A\000U\000L\000T\000\137\000C\000A\000T\000E\000G\000O\000R\000Y}{subsection.4.12.1}
